{
  "RSpec": {
    "coverage": {
      "/home/ubuntu/workspace/hw-bdd-tdd-cycle/RottenPotatoes/app/helpers/application_helper.rb": [
        1,
        null
      ],
      "/home/ubuntu/workspace/hw-bdd-tdd-cycle/RottenPotatoes/app/helpers/movies_helper.rb": [
        1,
        null,
        1,
        0,
        null,
        null
      ],
      "/home/ubuntu/workspace/hw-bdd-tdd-cycle/RottenPotatoes/app/controllers/movies_controller.rb": [
        1,
        null,
        1,
        3,
        null,
        null,
        1,
        1,
        1,
        1,
        1,
        0,
        0,
        null,
        1,
        null,
        null,
        null,
        1,
        1,
        1,
        null,
        null,
        null,
        1,
        4,
        4,
        null,
        1,
        null,
        1,
        null,
        4,
        4,
        null,
        4,
        6,
        null,
        null,
        4,
        3,
        3,
        3,
        null,
        1,
        null,
        null,
        1,
        null,
        null,
        null,
        1,
        1,
        1,
        1,
        null,
        null,
        1,
        1,
        null,
        null,
        1,
        2,
        2,
        2,
        2,
        null,
        null,
        1,
        1,
        1,
        1,
        1,
        null,
        null,
        null
      ],
      "/home/ubuntu/workspace/hw-bdd-tdd-cycle/RottenPotatoes/app/controllers/application_controller.rb": [
        1,
        1,
        null
      ],
      "/home/ubuntu/workspace/hw-bdd-tdd-cycle/RottenPotatoes/app/models/movie.rb": [
        1,
        1,
        4,
        null,
        null,
        1,
        2,
        null,
        null
      ]
    },
    "timestamp": 1449537638
  }
}
